  Building Custom Rule C:/Users/admin/Desktop/xmrig/src/crypto/ghostrider/CMakeLists.txt
  sph_blake.c
  sph_bmw.c
  sph_cubehash.c
  sph_echo.c
  sph_fugue.c
  sph_groestl.c
  sph_hamsi.c
C:\Users\admin\Desktop\xmrig\src\crypto\ghostrider\sph_fugue.c(748,2): warning C4267: '=': conversion from 'size_t' to 'unsigned int', possible loss of data
C:\Users\admin\Desktop\xmrig\src\crypto\ghostrider\sph_fugue.c(809,2): warning C4267: '=': conversion from 'size_t' to 'unsigned int', possible loss of data
C:\Users\admin\Desktop\xmrig\src\crypto\ghostrider\sph_fugue.c(869,2): warning C4267: '=': conversion from 'size_t' to 'unsigned int', possible loss of data
  sph_jh.c
  sph_keccak.c
  sph_luffa.c
  sph_shabal.c
  sph_shavite.c
C:\Users\admin\Desktop\xmrig\src\crypto\ghostrider\sph_shavite.c(1526,37): warning C4267: '+=': conversion from 'size_t' to 'sph_u32', possible loss of data
C:\Users\admin\Desktop\xmrig\src\crypto\ghostrider\sph_shavite.c(1546,25): warning C4267: '=': conversion from 'size_t' to 'unsigned char', possible loss of data
C:\Users\admin\Desktop\xmrig\src\crypto\ghostrider\sph_shavite.c(1547,25): warning C4267: '=': conversion from 'size_t' to 'unsigned char', possible loss of data
C:\Users\admin\Desktop\xmrig\src\crypto\ghostrider\sph_shavite.c(1611,37): warning C4267: '+=': conversion from 'size_t' to 'sph_u32', possible loss of data
C:\Users\admin\Desktop\xmrig\src\crypto\ghostrider\sph_shavite.c(1635,26): warning C4267: '=': conversion from 'size_t' to 'unsigned char', possible loss of data
C:\Users\admin\Desktop\xmrig\src\crypto\ghostrider\sph_shavite.c(1636,26): warning C4267: '=': conversion from 'size_t' to 'unsigned char', possible loss of data
  sph_simd.c
C:\Users\admin\Desktop\xmrig\src\crypto\ghostrider\sph_simd.c(1638,20): warning C4267: '+=': conversion from 'size_t' to 'u32', possible loss of data
C:\Users\admin\Desktop\xmrig\src\crypto\ghostrider\sph_simd.c(1649,20): warning C4267: '+=': conversion from 'size_t' to 'u32', possible loss of data
  sph_sha2.c
  sph_skein.c
  sph_whirlpool.c
  Generating Code...
  ghostrider.cpp
C:\Users\admin\Desktop\xmrig\src\crypto\ghostrider\ghostrider.cpp(487,48): warning C4244: 'argument': conversion from 'int64_t' to 'unsigned int', possible loss of data
C:\Users\admin\Desktop\xmrig\src\crypto\ghostrider\ghostrider.cpp(503,50): warning C4244: 'argument': conversion from 'const int64_t' to 'unsigned int', possible loss of data
C:\Users\admin\Desktop\xmrig\src\crypto\ghostrider\ghostrider.cpp(511,40): warning C4244: 'initializing': conversion from 'hwloc_uint64_t' to 'uint32_t', possible loss of data
C:\Users\admin\Desktop\xmrig\src\crypto\ghostrider\ghostrider.cpp(516,62): warning C4244: 'argument': conversion from 'const int64_t' to 'unsigned int', possible loss of data
C:\Users\admin\Desktop\xmrig\src\crypto\ghostrider\ghostrider.cpp(533,43): warning C4244: 'argument': conversion from 'const int64_t' to 'unsigned int', possible loss of data
  ghostrider.vcxproj -> C:\Users\admin\Desktop\xmrig\build\src\crypto\ghostrider\Debug\ghostrider.lib
